<?xml version="1.0" encoding="UTF-8"?>
<testng-results skipped="0" failed="0" ignored="0" total="1" passed="1">
  <reporter-output>
  </reporter-output>
  <suite name="Default suite" duration-ms="23608" started-at="2020-08-06T20:10:31Z" finished-at="2020-08-06T20:10:54Z">
    <groups>
      <group name="cucumber">
        <method signature="AbstractTestNGCucumberTests.feature(cucumber.api.testng.CucumberFeatureWrapper)[pri:0, instance:com.TestRunner.TestRunner@7219ec67]" name="feature" class="cucumber.api.testng.AbstractTestNGCucumberTests"/>
      </group> <!-- cucumber -->
    </groups>
    <test name="Default test" duration-ms="23608" started-at="2020-08-06T20:10:31Z" finished-at="2020-08-06T20:10:54Z">
      <class name="com.TestRunner.TestRunner">
        <test-method status="PASS" signature="setUpClass()[pri:0, instance:com.TestRunner.TestRunner@7219ec67]" name="setUpClass" is-config="true" duration-ms="186" started-at="2020-08-06T20:10:31Z" finished-at="2020-08-06T20:10:31Z">
          <reporter-output>
          </reporter-output>
        </test-method> <!-- setUpClass -->
        <test-method status="PASS" signature="feature(cucumber.api.testng.CucumberFeatureWrapper)[pri:0, instance:com.TestRunner.TestRunner@7219ec67]" name="feature" duration-ms="22958" started-at="2020-08-06T20:10:31Z" description="Runs Cucumber Feature" data-provider="features" finished-at="2020-08-06T20:10:54Z">
          <params>
            <param index="0">
              <value>
                <![CDATA[OrangeHRM Website]]>
              </value>
            </param>
          </params>
          <reporter-output>
          </reporter-output>
        </test-method> <!-- feature -->
        <test-method status="PASS" signature="extentReport()[pri:0, instance:com.TestRunner.TestRunner@7219ec67]" name="extentReport" is-config="true" duration-ms="18" started-at="2020-08-06T20:10:54Z" finished-at="2020-08-06T20:10:54Z">
          <reporter-output>
          </reporter-output>
        </test-method> <!-- extentReport -->
        <test-method status="PASS" signature="tearDownClass()[pri:0, instance:com.TestRunner.TestRunner@7219ec67]" name="tearDownClass" is-config="true" duration-ms="252" started-at="2020-08-06T20:10:54Z" finished-at="2020-08-06T20:10:54Z">
          <reporter-output>
          </reporter-output>
        </test-method> <!-- tearDownClass -->
      </class> <!-- com.TestRunner.TestRunner -->
    </test> <!-- Default test -->
  </suite> <!-- Default suite -->
</testng-results>
